<?xml version="1.0" encoding="UTF-8"?>
<testng-results ignored="0" total="1" passed="1" failed="0" skipped="0">
  <reporter-output>
  </reporter-output>
  <suite started-at="2024-11-23T12:54:10 CST" name="Default suite" finished-at="2024-11-23T12:54:48 CST" duration-ms="37492">
    <groups>
    </groups>
    <test started-at="2024-11-23T12:54:10 CST" name="Default test" finished-at="2024-11-23T12:54:48 CST" duration-ms="37492">
      <class name="examenFinal.evaluacionFinal.testPrincipalPage">
        <test-method signature="ValidarEvaluacion()[pri:0, instance:examenFinal.evaluacionFinal.testPrincipalPage@29215f06]" started-at="2024-11-23T12:54:10 CST" name="ValidarEvaluacion" finished-at="2024-11-23T12:54:48 CST" duration-ms="37433" status="PASS">
          <reporter-output>
          </reporter-output>
        </test-method> <!-- ValidarEvaluacion -->
      </class> <!-- examenFinal.evaluacionFinal.testPrincipalPage -->
    </test> <!-- Default test -->
  </suite> <!-- Default suite -->
</testng-results>
